{
  message: 'Database Connected',
  level: 'info',
  label: 'PH',
  timestamp: '2023-06-05T11:37:13.298Z'
}
{
  message: 'Server Up and Running',
  level: 'info',
  label: 'PH',
  timestamp: '2023-06-05T11:37:13.337Z'
}
{
  message: 'Database Connected',
  level: 'info',
  label: 'PH',
  timestamp: '2023-06-05T11:37:50.454Z'
}
{
  message: 'Server Up and Running',
  level: 'info',
  label: 'PH',
  timestamp: '2023-06-05T11:37:50.482Z'
}
{
  message: 'Database Connected',
  level: 'info',
  label: 'PH',
  timestamp: '2023-06-05T11:41:49.245Z'
}
{
  message: 'Server Up and Running',
  level: 'info',
  label: 'PH',
  timestamp: '2023-06-05T11:41:49.271Z'
}
