{
  message: 'Database Connected',
  level: 'info',
  label: 'PH',
  timestamp: '2023-06-05T03:05:24.538Z'
}
{
  message: 'Server Up and Running',
  level: 'info',
  label: 'PH',
  timestamp: '2023-06-05T03:05:24.550Z'
}
Mon Jun 05 2023 9:5:58 [PH] info: Database Connected
Mon Jun 05 2023 9:5:58 [PH] info: Server Up and Running
{
  message: 'Database Connected',
  level: 'info',
  label: 'PH',
  timestamp: '2023-06-05T03:06:30.269Z'
}
{
  message: 'Server Up and Running',
  level: 'info',
  label: 'PH',
  timestamp: '2023-06-05T03:06:30.302Z'
}
