{
  message: 'Database Connected',
  level: 'info',
  label: 'PH',
  timestamp: '2023-06-05T10:01:00.651Z'
}
{
  message: 'Server Up and Running',
  level: 'info',
  label: 'PH',
  timestamp: '2023-06-05T10:01:00.688Z'
}
{
  message: 'Database Connected',
  level: 'info',
  label: 'PH',
  timestamp: '2023-06-05T10:24:03.280Z'
}
{
  message: 'Server Up and Running',
  level: 'info',
  label: 'PH',
  timestamp: '2023-06-05T10:24:03.298Z'
}
{
  message: 'Database Connected',
  level: 'info',
  label: 'PH',
  timestamp: '2023-06-05T10:31:49.341Z'
}
{
  message: 'Server Up and Running',
  level: 'info',
  label: 'PH',
  timestamp: '2023-06-05T10:31:49.354Z'
}
