{
  message: 'Database Connected',
  level: 'info',
  label: 'PH',
  timestamp: '2023-06-05T04:09:40.022Z'
}
{
  message: 'Server Up and Running',
  level: 'info',
  label: 'PH',
  timestamp: '2023-06-05T04:09:40.034Z'
}
{
  message: 'Database Connected',
  level: 'info',
  label: 'PH',
  timestamp: '2023-06-05T04:12:09.551Z'
}
{
  message: 'Server Up and Running',
  level: 'info',
  label: 'PH',
  timestamp: '2023-06-05T04:12:09.576Z'
}
{
  message: 'Database Connected',
  level: 'info',
  label: 'PH',
  timestamp: '2023-06-05T04:33:21.253Z'
}
{
  message: 'Server Up and Running',
  level: 'info',
  label: 'PH',
  timestamp: '2023-06-05T04:33:21.275Z'
}
{
  message: 'Database Connected',
  level: 'info',
  label: 'PH',
  timestamp: '2023-06-05T04:33:24.579Z'
}
{
  message: 'Server Up and Running',
  level: 'info',
  label: 'PH',
  timestamp: '2023-06-05T04:33:24.590Z'
}
{
  message: 'Database Connected',
  level: 'info',
  label: 'PH',
  timestamp: '2023-06-05T04:34:29.694Z'
}
{
  message: 'Server Up and Running',
  level: 'info',
  label: 'PH',
  timestamp: '2023-06-05T04:34:29.729Z'
}
{
  message: 'Database Connected',
  level: 'info',
  label: 'PH',
  timestamp: '2023-06-05T04:35:06.939Z'
}
{
  message: 'Server Up and Running',
  level: 'info',
  label: 'PH',
  timestamp: '2023-06-05T04:35:06.957Z'
}
{
  message: 'Database Connected',
  level: 'info',
  label: 'PH',
  timestamp: '2023-06-05T04:36:49.907Z'
}
{
  message: 'Server Up and Running',
  level: 'info',
  label: 'PH',
  timestamp: '2023-06-05T04:36:49.923Z'
}
{
  message: 'Database Connected',
  level: 'info',
  label: 'PH',
  timestamp: '2023-06-05T04:39:09.863Z'
}
{
  message: 'Server Up and Running',
  level: 'info',
  label: 'PH',
  timestamp: '2023-06-05T04:39:09.880Z'
}
{
  message: 'Database Connected',
  level: 'info',
  label: 'PH',
  timestamp: '2023-06-05T04:39:28.994Z'
}
{
  message: 'Server Up and Running',
  level: 'info',
  label: 'PH',
  timestamp: '2023-06-05T04:39:29.023Z'
}
{
  message: 'Database Connected',
  level: 'info',
  label: 'PH',
  timestamp: '2023-06-05T04:40:27.738Z'
}
{
  message: 'Server Up and Running',
  level: 'info',
  label: 'PH',
  timestamp: '2023-06-05T04:40:27.751Z'
}
{
  message: 'Database Connected',
  level: 'info',
  label: 'PH',
  timestamp: '2023-06-05T04:44:21.082Z'
}
{
  message: 'Server Up and Running',
  level: 'info',
  label: 'PH',
  timestamp: '2023-06-05T04:44:21.098Z'
}
{
  message: 'Database Connected',
  level: 'info',
  label: 'PH',
  timestamp: '2023-06-05T04:45:42.705Z'
}
{
  message: 'Server Up and Running',
  level: 'info',
  label: 'PH',
  timestamp: '2023-06-05T04:45:42.735Z'
}
{
  message: 'Database Connected',
  level: 'info',
  label: 'PH',
  timestamp: '2023-06-05T04:46:05.698Z'
}
{
  message: 'Server Up and Running',
  level: 'info',
  label: 'PH',
  timestamp: '2023-06-05T04:46:05.717Z'
}
{
  message: 'Database Connected',
  level: 'info',
  label: 'PH',
  timestamp: '2023-06-05T04:54:04.246Z'
}
{
  message: 'Server Up and Running',
  level: 'info',
  label: 'PH',
  timestamp: '2023-06-05T04:54:04.282Z'
}
{
  message: 'Database Connected',
  level: 'info',
  label: 'PH',
  timestamp: '2023-06-05T04:56:28.528Z'
}
{
  message: 'Server Up and Running',
  level: 'info',
  label: 'PH',
  timestamp: '2023-06-05T04:56:28.564Z'
}
{
  message: 'Database Connected',
  level: 'info',
  label: 'PH',
  timestamp: '2023-06-05T04:57:13.144Z'
}
{
  message: 'Server Up and Running',
  level: 'info',
  label: 'PH',
  timestamp: '2023-06-05T04:57:13.166Z'
}
{
  message: 'Database Connected',
  level: 'info',
  label: 'PH',
  timestamp: '2023-06-05T04:58:19.032Z'
}
{
  message: 'Server Up and Running',
  level: 'info',
  label: 'PH',
  timestamp: '2023-06-05T04:58:19.047Z'
}
