{
  message: 'Database Connected',
  level: 'info',
  label: 'PH',
  timestamp: '2023-06-06T00:25:36.203Z'
}
{
  message: 'Server Up and Running',
  level: 'info',
  label: 'PH',
  timestamp: '2023-06-06T00:25:36.233Z'
}
{
  message: 'Database Connected',
  level: 'info',
  label: 'PH',
  timestamp: '2023-06-06T00:26:49.064Z'
}
{
  message: 'Server Up and Running',
  level: 'info',
  label: 'PH',
  timestamp: '2023-06-06T00:26:49.095Z'
}
Tue Jun 06 2023 6:27:59 [PH] info: Database Connected
Tue Jun 06 2023 6:27:59 [PH] info: Server Up and Running
Tue Jun 06 2023 6:28:16 [PH] info: Database Connected
Tue Jun 06 2023 6:28:16 [PH] info: Server Up and Running
Tue Jun 06 2023 6:28:48 [PH] info: [3m[33mDatabase Connected[39m[23m
Tue Jun 06 2023 6:28:48 [PH] info: [1m[36mServer Up and Running[39m[22m
Tue Jun 06 2023 6:30:17 [PH] info: [3m[33mDatabase Connected[39m[23m
Tue Jun 06 2023 6:30:17 [PH] info: [1m[36mServer Up and Running[39m[22m
Tue Jun 06 2023 6:30:43 [PH] info: [3m[33mDatabase Connected[39m[23m
Tue Jun 06 2023 6:30:43 [PH] info: [1m[36mServer Up and Running[39m[22m
Tue Jun 06 2023 6:32:5 [PH] info: [3m[33mDatabase Connected[39m[23m
Tue Jun 06 2023 6:32:5 [PH] info: [1m[36mServer Up and Running[39m[22m
