Mon Jun 05 2023 9:2:34 [PH] error: Failed to connect database The `uri` parameter to `openUri()` must be a string, got "undefined". Make sure the first parameter to `mongoose.connect()` or `mongoose.createConnection()` is a string.
Mon Jun 05 2023 9:3:42 [PH] error: Failed to connect database The `uri` parameter to `openUri()` must be a string, got "undefined". Make sure the first parameter to `mongoose.connect()` or `mongoose.createConnection()` is a string.
{
  level: 'error',
  message: 'Failed to connect database The `uri` parameter to `openUri()` must be a string, got "undefined". Make sure the first parameter to `mongoose.connect()` or `mongoose.createConnection()` is a string.',
  stack: 'MongooseError: The `uri` parameter to `openUri()` must be a string, got "undefined". Make sure the first parameter to `mongoose.connect()` or `mongoose.createConnection()` is a string.\n' +
    '    at _createMongoClient (C:\\Projects\\University-Management-Auth\\node_modules\\mongoose\\lib\\connection.js:805:11)\n' +
    '    at NativeConnection.openUri (C:\\Projects\\University-Management-Auth\\node_modules\\mongoose\\lib\\connection.js:742:29)\n' +
    '    at Mongoose.connect (C:\\Projects\\University-Management-Auth\\node_modules\\mongoose\\lib\\index.js:406:15)\n' +
    '    at C:\\Projects\\University-Management-Auth\\src\\server.ts:17:20\n' +
    '    at Generator.next (<anonymous>)\n' +
    '    at C:\\Projects\\University-Management-Auth\\src\\server.ts:13:71\n' +
    '    at new Promise (<anonymous>)\n' +
    '    at __awaiter (C:\\Projects\\University-Management-Auth\\src\\server.ts:9:12)\n' +
    '    at dbConnect (C:\\Projects\\University-Management-Auth\\src\\server.ts:15:30)\n' +
    '    at Object.<anonymous> (C:\\Projects\\University-Management-Auth\\src\\server.ts:35:1)',
  label: 'PH',
  timestamp: '2023-06-05T03:04:04.211Z'
}
Mon Jun 05 2023 9:5:3 [PH] error: Failed to connect database The `uri` parameter to `openUri()` must be a string, got "undefined". Make sure the first parameter to `mongoose.connect()` or `mongoose.createConnection()` is a string.
