Tue Jun 06 2023 11:16:19 [PH] error: 🚀 globalErrorHandler ~ User validation failed: role: Path `role` is required.
Tue Jun 06 2023 11:53:54 [PH] error: 🚀 globalErrorHandler ~ [
  {
    "code": "invalid_type",
    "expected": "string",
    "received": "undefined",
    "path": [
      "body",
      "role"
    ],
    "message": "role is required"
  }
]
Tue Jun 06 2023 11:55:42 [PH] error: 🚀 globalErrorHandler ~ [
  {
    "code": "invalid_type",
    "expected": "string",
    "received": "undefined",
    "path": [
      "body",
      "role"
    ],
    "message": "role is required"
  }
]
Tue Jun 06 2023 11:55:44 [PH] error: 🚀 globalErrorHandler ~ [
  {
    "code": "invalid_type",
    "expected": "string",
    "received": "undefined",
    "path": [
      "body",
      "role"
    ],
    "message": "role is required"
  }
]
Tue Jun 06 2023 11:58:12 [PH] error: 🚀 globalErrorHandler ~ User validation failed: role: Path `role` is required.
Tue Jun 06 2023 11:59:10 [PH] error: 🚀 globalErrorHandler ~ User validation failed: role: Path `role` is required.
Tue Jun 06 2023 11:59:15 [PH] error: 🚀 globalErrorHandler ~ User validation failed: role: Path `role` is required.
Tue Jun 06 2023 11:59:18 [PH] error: 🚀 globalErrorHandler ~ User validation failed: role: Path `role` is required.
Tue Jun 06 2023 11:59:26 [PH] error: 🚀 globalErrorHandler ~ User validation failed: role: Path `role` is required.
